  main.cpp
C:\Users\tomas\Desktop\Survive-To-The-Infinity\Survive To The Infinity\Survive To The Infinity\main.cpp(49,35): warning C4244: '=': conversión de 'float' a 'int'; posible pérdida de datos
C:\Users\tomas\Desktop\Survive-To-The-Infinity\Survive To The Infinity\Survive To The Infinity\main.cpp(50,35): warning C4244: '=': conversión de 'float' a 'int'; posible pérdida de datos
C:\Users\tomas\Desktop\Survive-To-The-Infinity\Survive To The Infinity\Survive To The Infinity\main.cpp(52,59): warning C4244: '=': conversión de 'float' a 'int'; posible pérdida de datos
C:\Users\tomas\Desktop\Survive-To-The-Infinity\Survive To The Infinity\Survive To The Infinity\main.cpp(53,60): warning C4244: '=': conversión de 'float' a 'int'; posible pérdida de datos
C:\Users\tomas\Desktop\Survive-To-The-Infinity\Survive To The Infinity\Survive To The Infinity\main.cpp(97,9): warning C4101: 'count': variable local sin referencia
C:\Users\tomas\Desktop\Survive-To-The-Infinity\Survive To The Infinity\Survive To The Infinity\main.cpp(125,79): warning C4244: 'argumento': conversión de 'float' a 'int'; posible pérdida de datos
C:\Users\tomas\Desktop\Survive-To-The-Infinity\Survive To The Infinity\Survive To The Infinity\main.cpp(125,60): warning C4244: 'argumento': conversión de 'float' a 'int'; posible pérdida de datos
C:\Users\tomas\Desktop\Survive-To-The-Infinity\Survive To The Infinity\Survive To The Infinity\main.cpp(125,45): warning C4244: 'argumento': conversión de 'float' a 'int'; posible pérdida de datos
C:\Users\tomas\Desktop\Survive-To-The-Infinity\Survive To The Infinity\Survive To The Infinity\main.cpp(125,30): warning C4244: 'argumento': conversión de 'float' a 'int'; posible pérdida de datos
C:\Users\tomas\Desktop\Survive-To-The-Infinity\Survive To The Infinity\Survive To The Infinity\main.cpp(126,79): warning C4244: 'argumento': conversión de 'float' a 'int'; posible pérdida de datos
C:\Users\tomas\Desktop\Survive-To-The-Infinity\Survive To The Infinity\Survive To The Infinity\main.cpp(126,60): warning C4244: 'argumento': conversión de 'float' a 'int'; posible pérdida de datos
C:\Users\tomas\Desktop\Survive-To-The-Infinity\Survive To The Infinity\Survive To The Infinity\main.cpp(126,45): warning C4244: 'argumento': conversión de 'float' a 'int'; posible pérdida de datos
C:\Users\tomas\Desktop\Survive-To-The-Infinity\Survive To The Infinity\Survive To The Infinity\main.cpp(126,30): warning C4244: 'argumento': conversión de 'float' a 'int'; posible pérdida de datos
C:\Users\tomas\Desktop\Survive-To-The-Infinity\Survive To The Infinity\Survive To The Infinity\main.cpp(127,79): warning C4244: 'argumento': conversión de 'float' a 'int'; posible pérdida de datos
C:\Users\tomas\Desktop\Survive-To-The-Infinity\Survive To The Infinity\Survive To The Infinity\main.cpp(127,60): warning C4244: 'argumento': conversión de 'float' a 'int'; posible pérdida de datos
C:\Users\tomas\Desktop\Survive-To-The-Infinity\Survive To The Infinity\Survive To The Infinity\main.cpp(127,45): warning C4244: 'argumento': conversión de 'float' a 'int'; posible pérdida de datos
C:\Users\tomas\Desktop\Survive-To-The-Infinity\Survive To The Infinity\Survive To The Infinity\main.cpp(127,30): warning C4244: 'argumento': conversión de 'float' a 'int'; posible pérdida de datos
C:\Users\tomas\Desktop\Survive-To-The-Infinity\Survive To The Infinity\Survive To The Infinity\main.cpp(128,79): warning C4244: 'argumento': conversión de 'float' a 'int'; posible pérdida de datos
C:\Users\tomas\Desktop\Survive-To-The-Infinity\Survive To The Infinity\Survive To The Infinity\main.cpp(128,60): warning C4244: 'argumento': conversión de 'float' a 'int'; posible pérdida de datos
C:\Users\tomas\Desktop\Survive-To-The-Infinity\Survive To The Infinity\Survive To The Infinity\main.cpp(128,45): warning C4244: 'argumento': conversión de 'float' a 'int'; posible pérdida de datos
C:\Users\tomas\Desktop\Survive-To-The-Infinity\Survive To The Infinity\Survive To The Infinity\main.cpp(128,30): warning C4244: 'argumento': conversión de 'float' a 'int'; posible pérdida de datos
C:\Users\tomas\Desktop\Survive-To-The-Infinity\Survive To The Infinity\Survive To The Infinity\main.cpp(129,79): warning C4244: 'argumento': conversión de 'float' a 'int'; posible pérdida de datos
C:\Users\tomas\Desktop\Survive-To-The-Infinity\Survive To The Infinity\Survive To The Infinity\main.cpp(129,60): warning C4244: 'argumento': conversión de 'float' a 'int'; posible pérdida de datos
C:\Users\tomas\Desktop\Survive-To-The-Infinity\Survive To The Infinity\Survive To The Infinity\main.cpp(129,45): warning C4244: 'argumento': conversión de 'float' a 'int'; posible pérdida de datos
C:\Users\tomas\Desktop\Survive-To-The-Infinity\Survive To The Infinity\Survive To The Infinity\main.cpp(129,30): warning C4244: 'argumento': conversión de 'float' a 'int'; posible pérdida de datos
C:\Users\tomas\Desktop\Survive-To-The-Infinity\Survive To The Infinity\Survive To The Infinity\main.cpp(130,79): warning C4244: 'argumento': conversión de 'float' a 'int'; posible pérdida de datos
C:\Users\tomas\Desktop\Survive-To-The-Infinity\Survive To The Infinity\Survive To The Infinity\main.cpp(130,60): warning C4244: 'argumento': conversión de 'float' a 'int'; posible pérdida de datos
C:\Users\tomas\Desktop\Survive-To-The-Infinity\Survive To The Infinity\Survive To The Infinity\main.cpp(130,45): warning C4244: 'argumento': conversión de 'float' a 'int'; posible pérdida de datos
C:\Users\tomas\Desktop\Survive-To-The-Infinity\Survive To The Infinity\Survive To The Infinity\main.cpp(130,30): warning C4244: 'argumento': conversión de 'float' a 'int'; posible pérdida de datos
C:\Users\tomas\Desktop\Survive-To-The-Infinity\Survive To The Infinity\Survive To The Infinity\main.cpp(131,79): warning C4244: 'argumento': conversión de 'float' a 'int'; posible pérdida de datos
C:\Users\tomas\Desktop\Survive-To-The-Infinity\Survive To The Infinity\Survive To The Infinity\main.cpp(131,60): warning C4244: 'argumento': conversión de 'float' a 'int'; posible pérdida de datos
C:\Users\tomas\Desktop\Survive-To-The-Infinity\Survive To The Infinity\Survive To The Infinity\main.cpp(131,45): warning C4244: 'argumento': conversión de 'float' a 'int'; posible pérdida de datos
C:\Users\tomas\Desktop\Survive-To-The-Infinity\Survive To The Infinity\Survive To The Infinity\main.cpp(131,30): warning C4244: 'argumento': conversión de 'float' a 'int'; posible pérdida de datos
C:\Users\tomas\Desktop\Survive-To-The-Infinity\Survive To The Infinity\Survive To The Infinity\main.cpp(132,79): warning C4244: 'argumento': conversión de 'float' a 'int'; posible pérdida de datos
C:\Users\tomas\Desktop\Survive-To-The-Infinity\Survive To The Infinity\Survive To The Infinity\main.cpp(132,60): warning C4244: 'argumento': conversión de 'float' a 'int'; posible pérdida de datos
C:\Users\tomas\Desktop\Survive-To-The-Infinity\Survive To The Infinity\Survive To The Infinity\main.cpp(132,45): warning C4244: 'argumento': conversión de 'float' a 'int'; posible pérdida de datos
C:\Users\tomas\Desktop\Survive-To-The-Infinity\Survive To The Infinity\Survive To The Infinity\main.cpp(132,30): warning C4244: 'argumento': conversión de 'float' a 'int'; posible pérdida de datos
C:\Users\tomas\Desktop\Survive-To-The-Infinity\Survive To The Infinity\Survive To The Infinity\main.cpp(133,79): warning C4244: 'argumento': conversión de 'float' a 'int'; posible pérdida de datos
C:\Users\tomas\Desktop\Survive-To-The-Infinity\Survive To The Infinity\Survive To The Infinity\main.cpp(133,60): warning C4244: 'argumento': conversión de 'float' a 'int'; posible pérdida de datos
C:\Users\tomas\Desktop\Survive-To-The-Infinity\Survive To The Infinity\Survive To The Infinity\main.cpp(133,45): warning C4244: 'argumento': conversión de 'float' a 'int'; posible pérdida de datos
C:\Users\tomas\Desktop\Survive-To-The-Infinity\Survive To The Infinity\Survive To The Infinity\main.cpp(133,30): warning C4244: 'argumento': conversión de 'float' a 'int'; posible pérdida de datos
C:\Users\tomas\Desktop\Survive-To-The-Infinity\Survive To The Infinity\Survive To The Infinity\main.cpp(134,59): warning C4244: 'argumento': conversión de 'float' a 'int'; posible pérdida de datos
C:\Users\tomas\Desktop\Survive-To-The-Infinity\Survive To The Infinity\Survive To The Infinity\main.cpp(134,45): warning C4244: 'argumento': conversión de 'float' a 'int'; posible pérdida de datos
C:\Users\tomas\Desktop\Survive-To-The-Infinity\Survive To The Infinity\Survive To The Infinity\main.cpp(134,35): warning C4244: 'argumento': conversión de 'float' a 'int'; posible pérdida de datos
C:\Users\tomas\Desktop\Survive-To-The-Infinity\Survive To The Infinity\Survive To The Infinity\main.cpp(134,25): warning C4244: 'argumento': conversión de 'float' a 'int'; posible pérdida de datos
  Survive To The Infinity.vcxproj -> C:\Users\tomas\Desktop\Survive-To-The-Infinity\Survive To The Infinity\bin\Win32\Debug\Survive To The Infinity.exe
